06:20:33 **** Rebuild of configuration Debug for project Q1 ****
Info: Internal Builder is used for build
gcc -ansi -std=c89 -O0 -g3 -Wall -c -fmessage-length=0 -o main.o "..\\main.c" 
..\main.c: In function 'main':
..\main.c:14:6: warning: unused variable 'i' [-Wunused-variable]
  int i;
      ^
gcc -ansi -std=c89 -o Q1.exe main.o 
Info: Nothing to build for Q1
Info: Nothing to build for Q1
Info: Nothing to build for Q1
06:22:22 **** Incremental Build of configuration Debug for project Q1 ****
Info: Internal Builder is used for build
gcc -ansi -std=c89 -O0 -g3 -Wall -c -fmessage-length=0 -o main.o "..\\main.c" 
..\main.c: In function 'main':
..\main.c:14:6: warning: unused variable 'i' [-Wunused-variable]
  int i;
      ^
gcc -ansi -std=c89 -o Q1.exe main.o 
c:/mingw/bin/../lib/gcc/mingw32/6.3.0/../../../../mingw32/bin/ld.exe: cannot open output file Q1.exe: Permission denied
collect2.exe: error: ld returned 1 exit status
06:22:43 **** Incremental Build of configuration Debug for project Q1 ****
Info: Internal Builder is used for build
gcc -ansi -std=c89 -O0 -g3 -Wall -c -fmessage-length=0 -o main.o "..\\main.c" 
gcc -ansi -std=c89 -o Q1.exe main.o 
c:/mingw/bin/../lib/gcc/mingw32/6.3.0/../../../../mingw32/bin/ld.exe: cannot open output file Q1.exe: Permission denied
collect2.exe: error: ld returned 1 exit status
06:25:09 **** Incremental Build of configuration Debug for project Q1 ****
Info: Internal Builder is used for build
gcc -ansi -std=c89 -O0 -g3 -Wall -c -fmessage-length=0 -o main.o "..\\main.c" 
..\main.c: In function 'main':
..\main.c:14:6: warning: unused variable 'i' [-Wunused-variable]
  int i;
      ^
gcc -ansi -std=c89 -o Q1.exe main.o 
06:25:17 **** Incremental Build of configuration Debug for project Q1 ****
Info: Internal Builder is used for build
gcc -ansi -std=c89 -O0 -g3 -Wall -c -fmessage-length=0 -o main.o "..\\main.c" 
gcc -ansi -std=c89 -o Q1.exe main.o 
Info: Nothing to build for Q1
Info: Nothing to build for Q1
06:28:41 **** Incremental Build of configuration Debug for project Q1 ****
Info: Internal Builder is used for build
gcc -ansi -std=c89 -O0 -g3 -Wall -c -fmessage-length=0 -o main.o "..\\main.c" 
gcc -ansi -std=c89 -o Q1.exe main.o 
Info: Nothing to build for Q1
Info: Nothing to build for Q1
06:29:10 **** Incremental Build of configuration Debug for project Q1 ****
Info: Internal Builder is used for build
gcc -ansi -std=c89 -O0 -g3 -Wall -c -fmessage-length=0 -o main.o "..\\main.c" 
gcc -ansi -std=c89 -o Q1.exe main.o 
c:/mingw/bin/../lib/gcc/mingw32/6.3.0/../../../../mingw32/bin/ld.exe: cannot open output file Q1.exe: Permission denied
collect2.exe: error: ld returned 1 exit status
06:29:16 **** Incremental Build of configuration Debug for project Q1 ****
Info: Internal Builder is used for build
gcc -ansi -std=c89 -O0 -g3 -Wall -c -fmessage-length=0 -o main.o "..\\main.c" 
gcc -ansi -std=c89 -o Q1.exe main.o 
c:/mingw/bin/../lib/gcc/mingw32/6.3.0/../../../../mingw32/bin/ld.exe: cannot open output file Q1.exe: Permission denied
collect2.exe: error: ld returned 1 exit status
06:29:36 **** Incremental Build of configuration Debug for project Q1 ****
Info: Internal Builder is used for build
gcc -ansi -std=c89 -o Q1.exe main.o 
c:/mingw/bin/../lib/gcc/mingw32/6.3.0/../../../../mingw32/bin/ld.exe: cannot open output file Q1.exe: Permission denied
collect2.exe: error: ld returned 1 exit status
06:29:58 **** Incremental Build of configuration Debug for project Q1 ****
Info: Internal Builder is used for build
gcc -ansi -std=c89 -o Q1.exe main.o 
c:/mingw/bin/../lib/gcc/mingw32/6.3.0/../../../../mingw32/bin/ld.exe: cannot open output file Q1.exe: Permission denied
collect2.exe: error: ld returned 1 exit status
06:30:30 **** Incremental Build of configuration Debug for project Q1 ****
Info: Internal Builder is used for build
gcc -ansi -std=c89 -o Q1.exe main.o 
Info: Nothing to build for Q1
07:01:02 **** Rebuild of configuration Debug for project q2 ****
Info: Internal Builder is used for build
gcc -ansi -std=c89 -O0 -g3 -Wall -c -fmessage-length=0 -o main.o "..\\main.c" 
..\main.c: In function 'main':
..\main.c:13:30: warning: implicit declaration of function 'sqrt' [-Wimplicit-function-declaration]
  printf ("sqroot of %d=%d",x,sqrt(x));
                              ^~~~
..\main.c:13:30: warning: incompatible implicit declaration of built-in function 'sqrt'
..\main.c:13:30: note: include '<math.h>' or provide a declaration of 'sqrt'
gcc -ansi -std=c89 -o q2.exe main.o 
Info: Nothing to build for Q1
07:01:24 **** Incremental Build of configuration Debug for project q2 ****
Info: Internal Builder is used for build
gcc -ansi -std=c89 -O0 -g3 -Wall -c -fmessage-length=0 -o main.o "..\\main.c" 
gcc -ansi -std=c89 -o q2.exe main.o 
Info: Nothing to build for q2
Info: Nothing to build for Q1
07:01:58 **** Incremental Build of configuration Debug for project q2 ****
Info: Internal Builder is used for build
gcc -ansi -std=c89 -O0 -g3 -Wall -c -fmessage-length=0 -o main.o "..\\main.c" 
gcc -ansi -std=c89 -o q2.exe main.o 
Info: Nothing to build for q2
Info: Nothing to build for Q1
Info: Nothing to build for q2
07:07:29 **** Rebuild of configuration Debug for project q3 ****
Info: Internal Builder is used for build
gcc -ansi -std=c89 -O0 -g3 -Wall -c -fmessage-length=0 -o main.o "..\\main.c" 
..\main.c: In function 'main':
..\main.c:9:2: warning: implicit declaration of function 'printf' [-Wimplicit-function-declaration]
  printf("please enter the number ");
  ^~~~~~
..\main.c:9:2: warning: incompatible implicit declaration of built-in function 'printf'
..\main.c:9:2: note: include '<stdio.h>' or provide a declaration of 'printf'
..\main.c:10:2: warning: implicit declaration of function 'fflush' [-Wimplicit-function-declaration]
  fflush(stdin);fflush(stdout);
  ^~~~~~
..\main.c:10:9: error: 'stdin' undeclared (first use in this function)
  fflush(stdin);fflush(stdout);
         ^~~~~
..\main.c:10:9: note: each undeclared identifier is reported only once for each function it appears in
..\main.c:10:23: error: 'stdout' undeclared (first use in this function)
  fflush(stdin);fflush(stdout);
                       ^~~~~~
..\main.c:11:2: warning: implicit declaration of function 'scanf' [-Wimplicit-function-declaration]
  scanf("%d",&x);
  ^~~~~
..\main.c:11:2: warning: incompatible implicit declaration of built-in function 'scanf'
..\main.c:11:2: note: include '<stdio.h>' or provide a declaration of 'scanf'
..\main.c:18:28: error: 'i' undeclared (first use in this function)
  printf ("output %d= %d\n",i+1,numadd);
                            ^
..\main.c:19:1: warning: control reaches end of non-void function [-Wreturn-type]
 }
 ^
Info: Nothing to build for Q1
Info: Nothing to build for q2
07:07:59 **** Incremental Build of configuration Debug for project q3 ****
Info: Internal Builder is used for build
gcc -ansi -std=c89 -O0 -g3 -Wall -c -fmessage-length=0 -o main.o "..\\main.c" 
..\main.c: In function 'main':
..\main.c:9:2: warning: implicit declaration of function 'printf' [-Wimplicit-function-declaration]
  printf("please enter the number ");
  ^~~~~~
..\main.c:9:2: warning: incompatible implicit declaration of built-in function 'printf'
..\main.c:9:2: note: include '<stdio.h>' or provide a declaration of 'printf'
..\main.c:10:2: warning: implicit declaration of function 'fflush' [-Wimplicit-function-declaration]
  fflush(stdin);fflush(stdout);
  ^~~~~~
..\main.c:10:9: error: 'stdin' undeclared (first use in this function)
  fflush(stdin);fflush(stdout);
         ^~~~~
..\main.c:10:9: note: each undeclared identifier is reported only once for each function it appears in
..\main.c:10:23: error: 'stdout' undeclared (first use in this function)
  fflush(stdin);fflush(stdout);
                       ^~~~~~
..\main.c:11:2: warning: implicit declaration of function 'scanf' [-Wimplicit-function-declaration]
  scanf("%d",&x);
  ^~~~~
..\main.c:11:2: warning: incompatible implicit declaration of built-in function 'scanf'
..\main.c:11:2: note: include '<stdio.h>' or provide a declaration of 'scanf'
..\main.c:19:1: warning: control reaches end of non-void function [-Wreturn-type]
 }
 ^
Info: Nothing to build for Q1
Info: Nothing to build for q2
07:08:37 **** Incremental Build of configuration Debug for project q3 ****
Info: Internal Builder is used for build
gcc -ansi -std=c89 -O0 -g3 -Wall -c -fmessage-length=0 -o main.o "..\\main.c" 
..\main.c: In function 'main':
..\main.c:9:2: warning: implicit declaration of function 'printf' [-Wimplicit-function-declaration]
  printf("please enter the number ");
  ^~~~~~
..\main.c:9:2: warning: incompatible implicit declaration of built-in function 'printf'
..\main.c:9:2: note: include '<stdio.h>' or provide a declaration of 'printf'
..\main.c:10:2: warning: implicit declaration of function 'fflush' [-Wimplicit-function-declaration]
  fflush(stdin);fflush(stdout);
  ^~~~~~
..\main.c:10:9: error: 'stdin' undeclared (first use in this function)
  fflush(stdin);fflush(stdout);
         ^~~~~
..\main.c:10:9: note: each undeclared identifier is reported only once for each function it appears in
..\main.c:10:23: error: 'stdout' undeclared (first use in this function)
  fflush(stdin);fflush(stdout);
                       ^~~~~~
..\main.c:11:2: warning: implicit declaration of function 'scanf' [-Wimplicit-function-declaration]
  scanf("%d",&x);
  ^~~~~
..\main.c:11:2: warning: incompatible implicit declaration of built-in function 'scanf'
..\main.c:11:2: note: include '<stdio.h>' or provide a declaration of 'scanf'
..\main.c:19:1: warning: control reaches end of non-void function [-Wreturn-type]
 }
 ^
Info: Nothing to build for Q1
Info: Nothing to build for q2
07:08:48 **** Incremental Build of configuration Debug for project q3 ****
Info: Internal Builder is used for build
gcc -ansi -std=c89 -O0 -g3 -Wall -c -fmessage-length=0 -o main.o "..\\main.c" 
..\main.c: In function 'main':
..\main.c:9:2: warning: implicit declaration of function 'printf' [-Wimplicit-function-declaration]
  printf("please enter the number ");
  ^~~~~~
..\main.c:9:2: warning: incompatible implicit declaration of built-in function 'printf'
..\main.c:9:2: note: include '<stdio.h>' or provide a declaration of 'printf'
..\main.c:10:2: warning: implicit declaration of function 'fflush' [-Wimplicit-function-declaration]
  fflush(stdin);fflush(stdout);
  ^~~~~~
..\main.c:10:9: error: 'stdin' undeclared (first use in this function)
  fflush(stdin);fflush(stdout);
         ^~~~~
..\main.c:10:9: note: each undeclared identifier is reported only once for each function it appears in
..\main.c:10:23: error: 'stdout' undeclared (first use in this function)
  fflush(stdin);fflush(stdout);
                       ^~~~~~
..\main.c:11:2: warning: implicit declaration of function 'scanf' [-Wimplicit-function-declaration]
  scanf("%d",&x);
  ^~~~~
..\main.c:11:2: warning: incompatible implicit declaration of built-in function 'scanf'
..\main.c:11:2: note: include '<stdio.h>' or provide a declaration of 'scanf'
..\main.c:19:1: warning: control reaches end of non-void function [-Wreturn-type]
 }
 ^
Info: Nothing to build for Q1
Info: Nothing to build for q2
07:10:02 **** Incremental Build of configuration Debug for project q3 ****
Info: Internal Builder is used for build
gcc -ansi -std=c89 -O0 -g3 -Wall -c -fmessage-length=0 -o main.o "..\\main.c" 
..\main.c: In function 'main':
..\main.c:9:2: warning: implicit declaration of function 'printf' [-Wimplicit-function-declaration]
  printf("please enter the number ");
  ^~~~~~
..\main.c:9:2: warning: incompatible implicit declaration of built-in function 'printf'
..\main.c:9:2: note: include '<stdio.h>' or provide a declaration of 'printf'
..\main.c:10:2: warning: implicit declaration of function 'fflush' [-Wimplicit-function-declaration]
  fflush(stdin);fflush(stdout);
  ^~~~~~
..\main.c:10:9: error: 'stdin' undeclared (first use in this function)
  fflush(stdin);fflush(stdout);
         ^~~~~
..\main.c:10:9: note: each undeclared identifier is reported only once for each function it appears in
..\main.c:10:23: error: 'stdout' undeclared (first use in this function)
  fflush(stdin);fflush(stdout);
                       ^~~~~~
..\main.c:11:2: warning: implicit declaration of function 'scanf' [-Wimplicit-function-declaration]
  scanf("%d",&x);
  ^~~~~
..\main.c:11:2: warning: incompatible implicit declaration of built-in function 'scanf'
..\main.c:11:2: note: include '<stdio.h>' or provide a declaration of 'scanf'
Info: Nothing to build for Q1
Info: Nothing to build for q2
07:10:34 **** Incremental Build of configuration Debug for project q3 ****
Info: Internal Builder is used for build
gcc -ansi -std=c89 -O0 -g3 -Wall -c -fmessage-length=0 -o main.o "..\\main.c" 
..\main.c: In function 'main':
..\main.c:9:2: warning: implicit declaration of function 'printf' [-Wimplicit-function-declaration]
  printf("please enter the number ");
  ^~~~~~
..\main.c:9:2: warning: incompatible implicit declaration of built-in function 'printf'
..\main.c:9:2: note: include '<stdio.h>' or provide a declaration of 'printf'
..\main.c:10:2: warning: implicit declaration of function 'fflush' [-Wimplicit-function-declaration]
  fflush(stdin);fflush(stdout);
  ^~~~~~
..\main.c:10:9: error: 'stdin' undeclared (first use in this function)
  fflush(stdin);fflush(stdout);
         ^~~~~
..\main.c:10:9: note: each undeclared identifier is reported only once for each function it appears in
..\main.c:10:23: error: 'stdout' undeclared (first use in this function)
  fflush(stdin);fflush(stdout);
                       ^~~~~~
..\main.c:11:2: warning: implicit declaration of function 'scanf' [-Wimplicit-function-declaration]
  scanf("%d",&x);
  ^~~~~
..\main.c:11:2: warning: incompatible implicit declaration of built-in function 'scanf'
..\main.c:11:2: note: include '<stdio.h>' or provide a declaration of 'scanf'
Info: Nothing to build for Q1
Info: Nothing to build for q2
07:10:43 **** Incremental Build of configuration Debug for project q3 ****
Info: Internal Builder is used for build
gcc -ansi -std=c89 -O0 -g3 -Wall -c -fmessage-length=0 -o main.o "..\\main.c" 
..\main.c: In function 'main':
..\main.c:9:2: warning: implicit declaration of function 'printf' [-Wimplicit-function-declaration]
  printf("please enter the number ");
  ^~~~~~
..\main.c:9:2: warning: incompatible implicit declaration of built-in function 'printf'
..\main.c:9:2: note: include '<stdio.h>' or provide a declaration of 'printf'
..\main.c:11:2: warning: implicit declaration of function 'scanf' [-Wimplicit-function-declaration]
  scanf("%d",&x);
  ^~~~~
..\main.c:11:2: warning: incompatible implicit declaration of built-in function 'scanf'
..\main.c:11:2: note: include '<stdio.h>' or provide a declaration of 'scanf'
gcc -ansi -std=c89 -o q3.exe main.o 
Info: Nothing to build for Q1
Info: Nothing to build for q2
07:11:26 **** Incremental Build of configuration Debug for project q3 ****
Info: Internal Builder is used for build
gcc -ansi -std=c89 -O0 -g3 -Wall -c -fmessage-length=0 -o main.o "..\\main.c" 
gcc -ansi -std=c89 -o q3.exe main.o 
Info: Nothing to build for q3
Info: Nothing to build for Q1
07:18:27 **** Rebuild of configuration Debug for project Q5 ****
Info: Internal Builder is used for build
gcc -ansi -std=c89 -O0 -g3 -Wall -c -fmessage-length=0 -o main.o "..\\main.c" 
..\main.c: In function 'main':
..\main.c:13:2: error: C++ style comments are not allowed in ISO C90
  // dkdjk;
  ^
..\main.c:13:2: error: (this will be reported only once per input file)
..\main.c:15:1: warning: control reaches end of non-void function [-Wreturn-type]
 }
 ^
Info: Nothing to build for q2
Info: Nothing to build for q3
Info: Nothing to build for Q1
07:18:48 **** Incremental Build of configuration Debug for project Q5 ****
Info: Internal Builder is used for build
gcc -ansi -std=c89 -O0 -g3 -Wall -c -fmessage-length=0 -o main.o "..\\main.c" 
..\main.c: In function 'main':
..\main.c:15:1: warning: control reaches end of non-void function [-Wreturn-type]
 }
 ^
gcc -ansi -std=c89 -o Q5.exe main.o 
Info: Nothing to build for q2
Info: Nothing to build for q3
Info: Nothing to build for Q1
07:38:58 **** Incremental Build of configuration Debug for project Q5 ****
Info: Internal Builder is used for build
gcc -ansi -std=c89 -O0 -g3 -Wall -c -fmessage-length=0 -o main.o "..\\main.c" 
gcc -ansi -std=c89 -o Q5.exe main.o 
Info: Nothing to build for q2
Info: Nothing to build for q3
Info: Nothing to build for Q5
Info: Nothing to build for Q5
Info: Nothing to build for Q5
Info: Nothing to build for Q1
07:41:22 **** Incremental Build of configuration Debug for project Q5 ****
Info: Internal Builder is used for build
gcc -ansi -std=c89 -O0 -g3 -Wall -c -fmessage-length=0 -o main.o "..\\main.c" 
gcc -ansi -std=c89 -o Q5.exe main.o 
Info: Nothing to build for q2
Info: Nothing to build for q3
Info: Nothing to build for Q5
Info: Nothing to build for Q1
07:41:49 **** Incremental Build of configuration Debug for project Q5 ****
Info: Internal Builder is used for build
gcc -ansi -std=c89 -O0 -g3 -Wall -c -fmessage-length=0 -o main.o "..\\main.c" 
gcc -ansi -std=c89 -o Q5.exe main.o 
Info: Nothing to build for q2
Info: Nothing to build for q3
Info: Nothing to build for Q5
Info: Nothing to build for Q5
Info: Nothing to build for Q5
Info: Nothing to build for Q5
Info: Nothing to build for Q1
Info: Nothing to build for Q5
09:05:02 **** Rebuild of configuration Debug for project Q6 ****
Info: Internal Builder is used for build
gcc -ansi -std=c89 -O0 -g3 -Wall -c -fmessage-length=0 -o main.o "..\\main.c" 
..\main.c: In function 'main':
..\main.c:28:10: error: redeclaration of 'i' with no linkage
  for(int i=0;i<10;++i){
          ^
..\main.c:12:6: note: previous declaration of 'i' was here
  int i;
      ^
..\main.c:28:2: error: 'for' loop initial declarations are only allowed in C99 or C11 mode
  for(int i=0;i<10;++i){
  ^~~
..\main.c:28:2: note: use option -std=c99, -std=gnu99, -std=c11 or -std=gnu11 to compile your code
Info: Nothing to build for q2
Info: Nothing to build for q3
Info: Nothing to build for q7
Info: Nothing to build for Q1
Info: Nothing to build for Q5
09:05:23 **** Incremental Build of configuration Debug for project Q6 ****
Info: Internal Builder is used for build
gcc -ansi -std=c89 -O0 -g3 -Wall -c -fmessage-length=0 -o main.o "..\\main.c" 
gcc -ansi -std=c89 -o Q6.exe main.o 
Info: Nothing to build for q2
Info: Nothing to build for q3
Info: Nothing to build for q7
Info: Nothing to build for Q6
Info: Nothing to build for Q1
Info: Nothing to build for Q5
09:09:15 **** Incremental Build of configuration Debug for project Q6 ****
Info: Internal Builder is used for build
gcc -ansi -std=c89 -O0 -g3 -Wall -c -fmessage-length=0 -o main.o "..\\main.c" 
gcc -ansi -std=c89 -o Q6.exe main.o 
Info: Nothing to build for q2
Info: Nothing to build for q3
Info: Nothing to build for q7
Info: Nothing to build for Q6
Info: Nothing to build for Q1
Info: Nothing to build for Q5
09:11:37 **** Incremental Build of configuration Debug for project Q6 ****
Info: Internal Builder is used for build
gcc -ansi -std=c89 -O0 -g3 -Wall -c -fmessage-length=0 -o main.o "..\\main.c" 
..\main.c: In function 'main':
..\main.c:14:6: error: redefinition of 'x'
  int x[10]={15,-10,2,6,9,4,1,0,-21,2};
      ^
..\main.c:11:6: note: previous definition of 'x' was here
  int x[10]={0,-10,2,6,9,6,1,0,-10,2};
      ^
..\main.c:10:6: warning: unused variable 'swap' [-Wunused-variable]
  int swap;
      ^~~~
..\main.c:9:6: warning: unused variable 'postion' [-Wunused-variable]
  int postion=0;
      ^~~~~~~
Info: Nothing to build for q2
Info: Nothing to build for q3
Info: Nothing to build for q7
Info: Nothing to build for Q1
Info: Nothing to build for Q5
09:11:47 **** Incremental Build of configuration Debug for project Q6 ****
Info: Internal Builder is used for build
gcc -ansi -std=c89 -O0 -g3 -Wall -c -fmessage-length=0 -o main.o "..\\main.c" 
..\main.c: In function 'main':
..\main.c:10:6: warning: unused variable 'swap' [-Wunused-variable]
  int swap;
      ^~~~
..\main.c:9:6: warning: unused variable 'postion' [-Wunused-variable]
  int postion=0;
      ^~~~~~~
gcc -ansi -std=c89 -o Q6.exe main.o 
Info: Nothing to build for q2
Info: Nothing to build for q3
Info: Nothing to build for q7
Info: Nothing to build for Q1
Info: Nothing to build for Q5
09:11:55 **** Incremental Build of configuration Debug for project Q6 ****
Info: Internal Builder is used for build
gcc -ansi -std=c89 -O0 -g3 -Wall -c -fmessage-length=0 -o main.o "..\\main.c" 
gcc -ansi -std=c89 -o Q6.exe main.o 
Info: Nothing to build for q2
Info: Nothing to build for q3
Info: Nothing to build for q7
Info: Nothing to build for Q6
Info: Nothing to build for Q1
Info: Nothing to build for Q5
09:13:25 **** Incremental Build of configuration Debug for project Q6 ****
Info: Internal Builder is used for build
gcc -ansi -std=c89 -O0 -g3 -Wall -c -fmessage-length=0 -o main.o "..\\main.c" 
gcc -ansi -std=c89 -o Q6.exe main.o 
Info: Nothing to build for q2
Info: Nothing to build for q3
Info: Nothing to build for q7
Info: Nothing to build for Q6
Info: Nothing to build for Q6
Info: Nothing to build for Q1
Info: Nothing to build for Q5
09:14:40 **** Incremental Build of configuration Debug for project Q6 ****
Info: Internal Builder is used for build
gcc -ansi -std=c89 -O0 -g3 -Wall -c -fmessage-length=0 -o main.o "..\\main.c" 
gcc -ansi -std=c89 -o Q6.exe main.o 
Info: Nothing to build for q2
Info: Nothing to build for q3
Info: Nothing to build for q7
Info: Nothing to build for Q6
Info: Nothing to build for Q1
Info: Nothing to build for Q5
Info: Nothing to build for Q6
09:22:36 **** Incremental Build of configuration Debug for project q2 ****
Info: Internal Builder is used for build
gcc -ansi -std=c89 -o q2.exe main.o 
Info: Nothing to build for q3
09:22:36 **** Incremental Build of configuration Debug for project q7 ****
Info: Internal Builder is used for build
gcc -ansi -std=c89 -O0 -g3 -Wall -c -fmessage-length=0 -o main.o "..\\main.c" 
gcc -ansi -std=c89 -o q7.exe main.o 
Info: Nothing to build for Q6
Info: Nothing to build for Q6
Info: Nothing to build for q7
Info: Nothing to build for Q1
Info: Nothing to build for Q5
Info: Nothing to build for Q6
Info: Nothing to build for q10
Info: Nothing to build for q2
Info: Nothing to build for q3
Info: Nothing to build for q7
09:59:27 **** Rebuild of configuration Debug for project q8 ****
Info: Internal Builder is used for build
gcc -ansi -std=c89 -O0 -g3 -Wall -c -fmessage-length=0 -o main.o "..\\main.c" 
gcc -ansi -std=c89 -o q8.exe main.o 
Info: Nothing to build for q9
Info: Nothing to build for q7
Info: Nothing to build for q8
Info: Nothing to build for Q1
Info: Nothing to build for Q5
Info: Nothing to build for Q6
Info: Nothing to build for q10
Info: Nothing to build for q2
Info: Nothing to build for q3
Info: Nothing to build for q7
10:00:28 **** Incremental Build of configuration Debug for project q8 ****
Info: Internal Builder is used for build
gcc -ansi -std=c89 -O0 -g3 -Wall -c -fmessage-length=0 -o main.o "..\\main.c" 
..\main.c: In function 'main':
..\main.c:23:47: warning: operation on 'i' may be undefined [-Wsequence-point]
   printf("please element the number %d:%d\n ",++i,x[i]);
                                               ^~~
gcc -ansi -std=c89 -o q8.exe main.o 
Info: Nothing to build for q9
Info: Nothing to build for Q1
Info: Nothing to build for Q5
Info: Nothing to build for Q6
Info: Nothing to build for q10
Info: Nothing to build for q2
Info: Nothing to build for q3
Info: Nothing to build for q7
10:00:58 **** Incremental Build of configuration Debug for project q8 ****
Info: Internal Builder is used for build
gcc -ansi -std=c89 -O0 -g3 -Wall -c -fmessage-length=0 -o main.o "..\\main.c" 
gcc -ansi -std=c89 -o q8.exe main.o 
Info: Nothing to build for q9
Info: Nothing to build for q8
Info: Nothing to build for q8
Info: Nothing to build for Q1
Info: Nothing to build for Q5
Info: Nothing to build for Q6
Info: Nothing to build for q10
Info: Nothing to build for q2
Info: Nothing to build for q3
Info: Nothing to build for q7
Info: Nothing to build for q8
10:08:35 **** Incremental Build of configuration Debug for project q9 ****
Info: Internal Builder is used for build
gcc -ansi -std=c89 -O0 -g3 -Wall -c -fmessage-length=0 -o main.o "..\\main.c" 
..\main.c: In function 'main':
..\main.c:9:6: error: two or more data types in declaration specifiers
  int char x[100];
      ^~~~
..\main.c:12:8: warning: passing argument 1 of 'gets' from incompatible pointer type [-Wincompatible-pointer-types]
   gets(x);
        ^
In file included from ..\main.c:7:0:
c:\mingw\include\stdio.h:676:41: note: expected 'char *' but argument is of type 'int *'
 _CRTIMP __cdecl __MINGW_NOTHROW  char * gets (char *);
                                         ^~~~
..\main.c:13:9: warning: implicit declaration of function 'strlen' [-Wimplicit-function-declaration]
   int f=strlen(x)/2;
         ^~~~~~
..\main.c:13:9: warning: incompatible implicit declaration of built-in function 'strlen'
..\main.c:13:9: note: include '<string.h>' or provide a declaration of 'strlen'
..\main.c:13:16: warning: passing argument 1 of 'strlen' from incompatible pointer type [-Wincompatible-pointer-types]
   int f=strlen(x)/2;
                ^
..\main.c:13:16: note: expected 'const char *' but argument is of type 'int *'
..\main.c:20:7: warning: passing argument 1 of 'puts' from incompatible pointer type [-Wincompatible-pointer-types]
  puts(x);
       ^
In file included from ..\main.c:7:0:
c:\mingw\include\stdio.h:677:41: note: expected 'const char *' but argument is of type 'int *'
 _CRTIMP __cdecl __MINGW_NOTHROW  int    puts (const char *);
                                         ^~~~
Info: Nothing to build for Q1
Info: Nothing to build for Q5
Info: Nothing to build for Q6
Info: Nothing to build for q10
Info: Nothing to build for q2
Info: Nothing to build for q3
Info: Nothing to build for q7
Info: Nothing to build for q8
10:08:46 **** Incremental Build of configuration Debug for project q9 ****
Info: Internal Builder is used for build
gcc -ansi -std=c89 -O0 -g3 -Wall -c -fmessage-length=0 -o main.o "..\\main.c" 
..\main.c: In function 'main':
..\main.c:13:9: warning: implicit declaration of function 'strlen' [-Wimplicit-function-declaration]
   int f=strlen(x)/2;
         ^~~~~~
..\main.c:13:9: warning: incompatible implicit declaration of built-in function 'strlen'
..\main.c:13:9: note: include '<string.h>' or provide a declaration of 'strlen'
gcc -ansi -std=c89 -o q9.exe main.o 
Info: Nothing to build for Q1
Info: Nothing to build for Q5
Info: Nothing to build for Q6
Info: Nothing to build for q10
Info: Nothing to build for q2
Info: Nothing to build for q3
Info: Nothing to build for q7
Info: Nothing to build for q8
10:09:57 **** Incremental Build of configuration Debug for project q9 ****
Info: Internal Builder is used for build
gcc -ansi -std=c89 -O0 -g3 -Wall -c -fmessage-length=0 -o main.o "..\\main.c" 
gcc -ansi -std=c89 -o q9.exe main.o 
Info: Nothing to build for q9
Info: Nothing to build for q9
Info: Nothing to build for q9
Info: Nothing to build for q9
Info: Nothing to build for Q1
Info: Nothing to build for Q5
Info: Nothing to build for Q6
Info: Nothing to build for q10
Info: Nothing to build for q2
Info: Nothing to build for q3
Info: Nothing to build for q7
Info: Nothing to build for q8
10:10:45 **** Incremental Build of configuration Debug for project q9 ****
Info: Internal Builder is used for build
gcc -ansi -std=c89 -O0 -g3 -Wall -c -fmessage-length=0 -o main.o "..\\main.c" 
gcc -ansi -std=c89 -o q9.exe main.o 
c:/mingw/bin/../lib/gcc/mingw32/6.3.0/../../../../mingw32/bin/ld.exe: cannot open output file q9.exe: Permission denied
collect2.exe: error: ld returned 1 exit status
10:12:45 **** Rebuild of configuration Debug for project q9 ****
Info: Internal Builder is used for build
gcc -ansi -std=c89 -O0 -g3 -Wall -c -fmessage-length=0 -o main.o "..\\main.c" 
gcc -ansi -std=c89 -o q9.exe main.o 
Info: Nothing to build for Q1
10:27:36 **** Rebuild of configuration Debug for project Q5 ****
Info: Internal Builder is used for build
gcc -ansi -std=c89 -O0 -g3 -Wall -c -fmessage-length=0 -o main.o "..\\main.c" 
gcc -ansi -std=c89 -o Q5.exe main.o 
10:27:37 **** Rebuild of configuration Debug for project Q6 ****
Info: Internal Builder is used for build
gcc -ansi -std=c89 -O0 -g3 -Wall -c -fmessage-length=0 -o main.o "..\\main.c" 
gcc -ansi -std=c89 -o Q6.exe main.o 
Info: Nothing to build for q10
10:27:37 **** Incremental Build of configuration Debug for project q2 ****
Info: Internal Builder is used for build
gcc -ansi -std=c89 -o q2.exe main.o 
10:27:38 **** Incremental Build of configuration Debug for project q3 ****
Info: Internal Builder is used for build
gcc -ansi -std=c89 -O0 -g3 -Wall -c -fmessage-length=0 -o main.o "..\\main.c" 
gcc -ansi -std=c89 -o q3.exe main.o 
10:27:38 **** Rebuild of configuration Debug for project q7 ****
Info: Internal Builder is used for build
gcc -ansi -std=c89 -O0 -g3 -Wall -c -fmessage-length=0 -o main.o "..\\main.c" 
gcc -ansi -std=c89 -o q7.exe main.o 
10:27:39 **** Rebuild of configuration Debug for project q8 ****
Info: Internal Builder is used for build
gcc -ansi -std=c89 -O0 -g3 -Wall -c -fmessage-length=0 -o main.o "..\\main.c" 
gcc -ansi -std=c89 -o q8.exe main.o 
10:27:39 **** Incremental Build of configuration Debug for project q9 ****
Info: Internal Builder is used for build
gcc -ansi -std=c89 -O0 -g3 -Wall -c -fmessage-length=0 -o main.o "..\\main.c" 
gcc -ansi -std=c89 -o q9.exe main.o 
Info: Nothing to build for q9
Info: Nothing to build for Q1
Info: Nothing to build for Q5
Info: Nothing to build for Q6
Info: Nothing to build for q10
Info: Nothing to build for q2
Info: Nothing to build for q3
Info: Nothing to build for q7
Info: Nothing to build for q8
10:29:05 **** Incremental Build of configuration Debug for project q9 ****
Info: Internal Builder is used for build
gcc -ansi -std=c89 -O0 -g3 -Wall -c -fmessage-length=0 -o main.o "..\\main.c" 
gcc -ansi -std=c89 -o q9.exe main.o 
Info: Nothing to build for q9
Info: Nothing to build for Q1
Info: Nothing to build for Q5
Info: Nothing to build for Q6
Info: Nothing to build for q10
Info: Nothing to build for q2
Info: Nothing to build for q3
Info: Nothing to build for q7
Info: Nothing to build for q8
10:32:46 **** Incremental Build of configuration Debug for project q9 ****
Info: Internal Builder is used for build
gcc -ansi -std=c89 -O0 -g3 -Wall -c -fmessage-length=0 -o main.o "..\\main.c" 
..\main.c: In function 'main':
..\main.c:24:12: warning: multi-character character constant [-Wmultichar]
    temp[f]='/0';
            ^~~~
..\main.c:24:12: warning: overflow in implicit constant conversion [-Woverflow]
gcc -ansi -std=c89 -o q9.exe main.o 
Info: Nothing to build for Q1
Info: Nothing to build for Q5
Info: Nothing to build for Q6
Info: Nothing to build for q10
Info: Nothing to build for q2
Info: Nothing to build for q3
Info: Nothing to build for q7
Info: Nothing to build for q8
10:33:08 **** Incremental Build of configuration Debug for project q9 ****
Info: Internal Builder is used for build
gcc -ansi -std=c89 -O0 -g3 -Wall -c -fmessage-length=0 -o main.o "..\\main.c" 
gcc -ansi -std=c89 -o q9.exe main.o 
Info: Nothing to build for Q1
Info: Nothing to build for Q5
Info: Nothing to build for Q6
Info: Nothing to build for q10
Info: Nothing to build for q2
Info: Nothing to build for q3
Info: Nothing to build for q7
Info: Nothing to build for q8
Info: Nothing to build for q9
Info: Nothing to build for Q1
Info: Nothing to build for Q5
Info: Nothing to build for Q6
Info: Nothing to build for q10
Info: Nothing to build for q2
Info: Nothing to build for q3
Info: Nothing to build for q7
Info: Nothing to build for q8
Info: Nothing to build for q9
Info: Nothing to build for q9
Info: Nothing to build for Q1
Info: Nothing to build for Q5
Info: Nothing to build for Q6
Info: Nothing to build for q10
Info: Nothing to build for q2
Info: Nothing to build for q3
Info: Nothing to build for q7
Info: Nothing to build for q8
10:35:07 **** Incremental Build of configuration Debug for project q9 ****
Info: Internal Builder is used for build
gcc -ansi -std=c89 -O0 -g3 -Wall -c -fmessage-length=0 -o main.o "..\\main.c" 
gcc -ansi -std=c89 -o q9.exe main.o 
Info: Nothing to build for q9
Info: Nothing to build for Q1
Info: Nothing to build for Q5
Info: Nothing to build for Q6
Info: Nothing to build for q10
Info: Nothing to build for q2
Info: Nothing to build for q3
Info: Nothing to build for q7
Info: Nothing to build for q8
10:35:50 **** Incremental Build of configuration Debug for project q9 ****
Info: Internal Builder is used for build
gcc -ansi -std=c89 -O0 -g3 -Wall -c -fmessage-length=0 -o main.o "..\\main.c" 
gcc -ansi -std=c89 -o q9.exe main.o 
Info: Nothing to build for q9
Info: Nothing to build for Q1
Info: Nothing to build for Q5
Info: Nothing to build for Q6
Info: Nothing to build for q10
Info: Nothing to build for q2
Info: Nothing to build for q3
Info: Nothing to build for q7
Info: Nothing to build for q8
10:37:16 **** Incremental Build of configuration Debug for project q9 ****
Info: Internal Builder is used for build
gcc -ansi -std=c89 -O0 -g3 -Wall -c -fmessage-length=0 -o main.o "..\\main.c" 
gcc -ansi -std=c89 -o q9.exe main.o 
Info: Nothing to build for q9
Info: Nothing to build for Q1
Info: Nothing to build for Q5
Info: Nothing to build for Q6
10:47:16 **** Incremental Build of configuration Debug for project q10 ****
Info: Internal Builder is used for build
gcc -ansi -std=c89 -O0 -g3 -Wall -c -fmessage-length=0 -o main.o "..\\main.c" 
gcc -ansi -std=c89 -o q10.exe main.o 
Info: Nothing to build for q2
Info: Nothing to build for q3
Info: Nothing to build for q7
Info: Nothing to build for q8
Info: Nothing to build for q9
Info: Nothing to build for q10
Info: Nothing to build for Q1
Info: Nothing to build for Q5
Info: Nothing to build for Q6
10:48:00 **** Incremental Build of configuration Debug for project q10 ****
Info: Internal Builder is used for build
gcc -ansi -std=c89 -O0 -g3 -Wall -c -fmessage-length=0 -o main.o "..\\main.c" 
gcc -ansi -std=c89 -o q10.exe main.o 
Info: Nothing to build for q2
Info: Nothing to build for q3
Info: Nothing to build for q7
Info: Nothing to build for q8
Info: Nothing to build for q9
Info: Nothing to build for q10
Info: Nothing to build for q10
Info: Nothing to build for q10
Info: Nothing to build for q10
Info: Nothing to build for Q1
Info: Nothing to build for Q5
Info: Nothing to build for Q6
Info: Nothing to build for q10
11:01:32 **** Incremental Build of configuration Debug for project q2 ****
Info: Internal Builder is used for build
gcc -ansi -std=c89 -O0 -g3 -Wall -c -fmessage-length=0 -o main.o "..\\main.c" 
gcc -ansi -std=c89 -o q2.exe main.o 
Info: Nothing to build for q3
Info: Nothing to build for q7
Info: Nothing to build for q8
Info: Nothing to build for q9
Info: Nothing to build for q10
Info: Nothing to build for Q1
Info: Nothing to build for Q5
Info: Nothing to build for Q6
Info: Nothing to build for q10
11:03:10 **** Incremental Build of configuration Debug for project q2 ****
Info: Internal Builder is used for build
gcc -ansi -std=c89 -O0 -g3 -Wall -c -fmessage-length=0 -o main.o "..\\main.c" 
..\main.c: In function 'main':
..\main.c:32:10: warning: unknown conversion type character 'L' in format [-Wformat=]
  scanf("%LF",&x);
          ^
..\main.c:32:8: warning: too many arguments for format [-Wformat-extra-args]
  scanf("%LF",&x);
        ^~~~~
gcc -ansi -std=c89 -o q2.exe main.o 
Info: Nothing to build for q3
Info: Nothing to build for q7
Info: Nothing to build for q8
Info: Nothing to build for q9
Info: Nothing to build for Q1
Info: Nothing to build for Q5
Info: Nothing to build for Q6
Info: Nothing to build for q10
11:03:31 **** Incremental Build of configuration Debug for project q2 ****
Info: Internal Builder is used for build
gcc -ansi -std=c89 -O0 -g3 -Wall -c -fmessage-length=0 -o main.o "..\\main.c" 
..\main.c: In function 'main':
..\main.c:32:10: warning: unknown conversion type character 'L' in format [-Wformat=]
  scanf("%Lf",&x);
          ^
..\main.c:32:8: warning: too many arguments for format [-Wformat-extra-args]
  scanf("%Lf",&x);
        ^~~~~
gcc -ansi -std=c89 -o q2.exe main.o 
Info: Nothing to build for q3
Info: Nothing to build for q7
Info: Nothing to build for q8
Info: Nothing to build for q9
Info: Nothing to build for Q1
Info: Nothing to build for Q5
Info: Nothing to build for Q6
Info: Nothing to build for q10
11:03:55 **** Incremental Build of configuration Debug for project q2 ****
Info: Internal Builder is used for build
gcc -ansi -std=c89 -O0 -g3 -Wall -c -fmessage-length=0 -o main.o "..\\main.c" 
gcc -ansi -std=c89 -o q2.exe main.o 
Info: Nothing to build for q3
Info: Nothing to build for q7
Info: Nothing to build for q8
Info: Nothing to build for q9
Info: Nothing to build for Q1
Info: Nothing to build for Q5
Info: Nothing to build for Q6
Info: Nothing to build for q10
Info: Nothing to build for q2
Info: Nothing to build for q3
Info: Nothing to build for q7
Info: Nothing to build for q8
Info: Nothing to build for q9
Info: Nothing to build for Q1
Info: Nothing to build for Q5
Info: Nothing to build for Q6
Info: Nothing to build for q10
11:04:14 **** Incremental Build of configuration Debug for project q2 ****
Info: Internal Builder is used for build
gcc -ansi -std=c89 -O0 -g3 -Wall -c -fmessage-length=0 -o main.o "..\\main.c" 
..\main.c: In function 'main':
..\main.c:32:10: warning: unknown conversion type character 'L' in format [-Wformat=]
  scanf("%LF",&x);
          ^
..\main.c:32:8: warning: too many arguments for format [-Wformat-extra-args]
  scanf("%LF",&x);
        ^~~~~
gcc -ansi -std=c89 -o q2.exe main.o 
Info: Nothing to build for q3
Info: Nothing to build for q7
Info: Nothing to build for q8
Info: Nothing to build for q9
Info: Nothing to build for Q1
Info: Nothing to build for Q5
Info: Nothing to build for Q6
Info: Nothing to build for q10
11:04:22 **** Incremental Build of configuration Debug for project q2 ****
Info: Internal Builder is used for build
gcc -ansi -std=c89 -O0 -g3 -Wall -c -fmessage-length=0 -o main.o "..\\main.c" 
gcc -ansi -std=c89 -o q2.exe main.o 
Info: Nothing to build for q3
Info: Nothing to build for q7
Info: Nothing to build for q8
Info: Nothing to build for q9
Info: Nothing to build for q2
Info: Nothing to build for q2
Info: Nothing to build for Q1
Info: Nothing to build for Q5
Info: Nothing to build for Q6
Info: Nothing to build for q10
11:04:56 **** Incremental Build of configuration Debug for project q2 ****
Info: Internal Builder is used for build
gcc -ansi -std=c89 -O0 -g3 -Wall -c -fmessage-length=0 -o main.o "..\\main.c" 
gcc -ansi -std=c89 -o q2.exe main.o 
c:/mingw/bin/../lib/gcc/mingw32/6.3.0/../../../../mingw32/bin/ld.exe: cannot open output file q2.exe: Permission denied
collect2.exe: error: ld returned 1 exit status
Info: Nothing to build for q3
Info: Nothing to build for q7
Info: Nothing to build for q8
Info: Nothing to build for q9
11:05:58 **** Incremental Build of configuration Debug for project q2 ****
Info: Internal Builder is used for build
gcc -ansi -std=c89 -o q2.exe main.o 
Info: Nothing to build for Q1
Info: Nothing to build for Q5
Info: Nothing to build for Q6
Info: Nothing to build for q10
11:06:41 **** Incremental Build of configuration Debug for project q2 ****
Info: Internal Builder is used for build
gcc -ansi -std=c89 -O0 -g3 -Wall -c -fmessage-length=0 -o main.o "..\\main.c" 
gcc -ansi -std=c89 -o q2.exe main.o 
Info: Nothing to build for q3
Info: Nothing to build for q7
Info: Nothing to build for q8
Info: Nothing to build for q9
Info: Nothing to build for q2
Info: Nothing to build for Q1
Info: Nothing to build for Q5
Info: Nothing to build for Q6
Info: Nothing to build for q10
11:07:20 **** Incremental Build of configuration Debug for project q2 ****
Info: Internal Builder is used for build
gcc -ansi -std=c89 -O0 -g3 -Wall -c -fmessage-length=0 -o main.o "..\\main.c" 
gcc -ansi -std=c89 -o q2.exe main.o 
Info: Nothing to build for q3
Info: Nothing to build for q7
Info: Nothing to build for q8
Info: Nothing to build for q9
Info: Nothing to build for Q1
Info: Nothing to build for Q5
Info: Nothing to build for Q6
Info: Nothing to build for q10
Info: Nothing to build for q2
Info: Nothing to build for q3
Info: Nothing to build for q7
Info: Nothing to build for q8
Info: Nothing to build for q9
Info: Nothing to build for q2
Info: Nothing to build for q2
